2026-01-28 20:36:43,661 - INFO - Starting ingestion for Study 10
2026-01-28 20:36:46,939 - INFO - Starting ingestion for Study 11
2026-01-28 20:36:47,986 - INFO - Starting ingestion for Study 13
2026-01-28 20:36:50,312 - INFO - Starting ingestion for Study 14
2026-01-28 20:36:50,428 - INFO - Starting ingestion for Study 15
2026-01-28 20:36:51,064 - INFO - Starting ingestion for Study 16
2026-01-28 20:37:18,829 - INFO - Starting ingestion for Study 17
2026-01-28 20:37:24,550 - INFO - Starting ingestion for Study 18
2026-01-28 20:37:26,429 - INFO - Starting ingestion for Study 19
2026-01-28 20:37:29,312 - INFO - Starting ingestion for Study 1
2026-01-28 20:37:45,786 - INFO - Starting ingestion for Study 20
2026-01-28 20:37:46,670 - INFO - Starting ingestion for Study 21
2026-01-28 20:45:17,554 - INFO - Starting ingestion for Study 10
2026-01-28 20:45:17,555 - INFO -   Parsing Study_10_Inactivated_Records.xlsx...
2026-01-28 20:45:17,557 - INFO -   Parsing Study_10_MedDRA.xlsx...
2026-01-28 20:45:17,557 - INFO -   Parsing Study_10_EDC_Metrics.xlsx...
2026-01-28 20:45:17,558 - WARNING - Sheet 'Query Report - Cumulative' not found in /Users/mypro16/Desktop/Novaratis/Data for problem Statement 1/Standardized_Study_Files/Study_10_Input_Files/Study_10_EDC_Metrics.xlsx
2026-01-28 20:45:17,558 - INFO -   Parsing Study_10_WHODrug.xlsx...
2026-01-28 20:45:17,558 - INFO -   Parsing Study_10_Visit_Projection.xlsx...
2026-01-28 20:45:17,559 - INFO -   Parsing Study_10_SAE_Dashboard.xlsx...
2026-01-28 20:45:17,559 - INFO -   Parsing Study_10_Missing_Pages.xlsx...
2026-01-28 20:45:17,559 - INFO -   Parsing Study_10_Lab_Discrepancies.xlsx...
2026-01-28 20:45:17,560 - INFO -   Parsing Study_10_EDRR.xlsx...
2026-01-28 20:45:17,560 - INFO - Starting ingestion for Study 11
2026-01-28 20:45:17,561 - INFO -   Parsing Study_11_EDC_Metrics.xlsx...
2026-01-28 20:45:17,562 - WARNING - Sheet 'Query Report - Cumulative' not found in /Users/mypro16/Desktop/Novaratis/Data for problem Statement 1/Standardized_Study_Files/Study_11_Input_Files/Study_11_EDC_Metrics.xlsx
2026-01-28 20:45:17,562 - INFO -   Parsing Study_11_Inactivated_Records.xlsx...
2026-01-28 20:45:17,562 - INFO -   Parsing Study_11_WHODrug.xlsx...
2026-01-28 20:45:17,562 - INFO -   Parsing Study_11_SAE_Dashboard.xlsx...
2026-01-28 20:45:17,563 - INFO -   Parsing Study_11_Missing_Pages.xlsx...
2026-01-28 20:45:17,563 - INFO -   Parsing Study_11_EDRR.xlsx...
2026-01-28 20:45:17,564 - INFO -   Parsing Study_11_Lab_Discrepancies.xlsx...
2026-01-28 20:45:17,564 - INFO -   Parsing Study_11_Visit_Projection.xlsx...
2026-01-28 20:45:17,565 - INFO -   Parsing Study_11_MedDRA.xlsx...
2026-01-28 20:45:17,565 - INFO - Starting ingestion for Study 13
2026-01-28 20:45:17,565 - INFO -   Parsing Study_13_EDRR.xlsx...
2026-01-28 20:45:17,566 - INFO -   Parsing Study_13_MedDRA.xlsx...
2026-01-28 20:45:17,567 - INFO -   Parsing Study_13_WHODrug.xlsx...
2026-01-28 20:45:17,567 - INFO -   Parsing Study_13_EDC_Metrics.xlsx...
2026-01-28 20:45:17,568 - WARNING - Sheet 'Query Report - Cumulative' not found in /Users/mypro16/Desktop/Novaratis/Data for problem Statement 1/Standardized_Study_Files/Study_13_Input_Files/Study_13_EDC_Metrics.xlsx
2026-01-28 20:45:17,568 - INFO -   Parsing Study_13_Missing_Pages.xlsx...
2026-01-28 20:45:17,568 - INFO -   Parsing Study_13_SAE_Dashboard.xlsx...
2026-01-28 20:45:17,569 - INFO -   Parsing Study_13_Inactivated_Records.xlsx...
2026-01-28 20:45:17,569 - INFO -   Parsing Study_13_Visit_Projection.xlsx...
2026-01-28 20:45:17,569 - INFO -   Parsing Study_13_Lab_Discrepancies.xlsx...
2026-01-28 20:45:17,570 - INFO - Starting ingestion for Study 14
2026-01-28 20:45:17,570 - INFO -   Parsing Study_14_Inactivated_Records.xlsx...
2026-01-28 20:45:17,571 - INFO -   Parsing Study_14_Visit_Projection.xlsx...
2026-01-28 20:45:17,571 - INFO -   Parsing Study_14_SAE_Dashboard.xlsx...
2026-01-28 20:45:17,572 - INFO -   Parsing Study_14_Missing_Pages.xlsx...
2026-01-28 20:45:17,572 - INFO -   Parsing Study_14_EDRR.xlsx...
2026-01-28 20:45:17,573 - INFO -   Parsing Study_14_EDC_Metrics.xlsx...
2026-01-28 20:45:17,573 - WARNING - Sheet 'Query Report - Cumulative' not found in /Users/mypro16/Desktop/Novaratis/Data for problem Statement 1/Standardized_Study_Files/Study_14_Input_Files/Study_14_EDC_Metrics.xlsx
2026-01-28 20:45:17,573 - INFO -   Parsing Study_14_WHODrug.xlsx...
2026-01-28 20:45:17,574 - INFO -   Parsing Study_14_MedDRA.xlsx...
2026-01-28 20:45:17,574 - INFO -   Parsing Study_14_Lab_Discrepancies.xlsx...
2026-01-28 20:45:17,574 - INFO - Starting ingestion for Study 15
2026-01-28 20:45:17,575 - INFO -   Parsing Study_15_EDRR.xlsx...
2026-01-28 20:45:17,575 - INFO -   Parsing Study_15_EDC_Metrics.xlsx...
2026-01-28 20:45:17,575 - WARNING - Sheet 'Query Report - Cumulative' not found in /Users/mypro16/Desktop/Novaratis/Data for problem Statement 1/Standardized_Study_Files/Study_15_Input_Files/Study_15_EDC_Metrics.xlsx
2026-01-28 20:45:17,576 - INFO -   Parsing Study_15_Inactivated_Records.xlsx...
2026-01-28 20:45:17,576 - INFO -   Parsing Study_15_MedDRA.xlsx...
2026-01-28 20:45:17,576 - INFO -   Parsing Study_15_Visit_Projection.xlsx...
2026-01-28 20:45:17,577 - INFO -   Parsing Study_15_Lab_Discrepancies.xlsx...
2026-01-28 20:45:17,577 - INFO -   Parsing Study_15_WHODrug.xlsx...
2026-01-28 20:45:17,578 - INFO -   Parsing Study_15_SAE_Dashboard.xlsx...
2026-01-28 20:45:17,578 - INFO -   Parsing Study_15_Missing_Pages.xlsx...
2026-01-28 20:45:17,579 - INFO - Starting ingestion for Study 16
2026-01-28 20:45:17,579 - INFO -   Parsing Study_16_MedDRA.xlsx...
2026-01-28 20:45:17,579 - INFO -   Parsing Study_16_Visit_Projection.xlsx...
2026-01-28 20:45:17,580 - INFO -   Parsing Study_16_WHODrug.xlsx...
2026-01-28 20:45:17,580 - INFO -   Parsing Study_16_Lab_Discrepancies.xlsx...
2026-01-28 20:45:17,581 - INFO -   Parsing Study_16_EDRR.xlsx...
2026-01-28 20:45:17,581 - INFO -   Parsing Study_16_Inactivated_Records.xlsx...
2026-01-28 20:45:17,581 - INFO -   Parsing Study_16_EDC_Metrics.xlsx...
2026-01-28 20:45:17,582 - WARNING - Sheet 'Query Report - Cumulative' not found in /Users/mypro16/Desktop/Novaratis/Data for problem Statement 1/Standardized_Study_Files/Study_16_Input_Files/Study_16_EDC_Metrics.xlsx
2026-01-28 20:45:17,582 - INFO -   Parsing Study_16_Missing_Pages.xlsx...
2026-01-28 20:45:17,582 - INFO - Starting ingestion for Study 17
2026-01-28 20:45:17,583 - INFO -   Parsing Study_17_Missing_Pages.xlsx...
2026-01-28 20:45:17,583 - INFO -   Parsing Study_17_SAE_Dashboard.xlsx...
2026-01-28 20:45:17,583 - INFO -   Parsing Study_17_WHODrug.xlsx...
2026-01-28 20:45:17,583 - INFO -   Parsing Study_17_EDRR.xlsx...
2026-01-28 20:45:17,584 - INFO -   Parsing Study_17_EDC_Metrics.xlsx...
2026-01-28 20:45:17,584 - WARNING - Sheet 'Query Report - Cumulative' not found in /Users/mypro16/Desktop/Novaratis/Data for problem Statement 1/Standardized_Study_Files/Study_17_Input_Files/Study_17_EDC_Metrics.xlsx
2026-01-28 20:45:17,584 - INFO -   Parsing Study_17_MedDRA.xlsx...
2026-01-28 20:45:17,585 - INFO -   Parsing Study_17_Inactivated_Records.xlsx...
2026-01-28 20:45:17,585 - INFO -   Parsing Study_17_Visit_Projection.xlsx...
2026-01-28 20:45:17,586 - INFO -   Parsing Study_17_Lab_Discrepancies.xlsx...
2026-01-28 20:45:17,586 - INFO - Starting ingestion for Study 18
2026-01-28 20:45:17,586 - INFO -   Parsing Study_18_EDRR.xlsx...
2026-01-28 20:45:17,587 - INFO -   Parsing Study_18_Inactivated_Records.xlsx...
2026-01-28 20:45:17,587 - INFO -   Parsing Study_18_Visit_Projection.xlsx...
2026-01-28 20:45:17,588 - INFO -   Parsing Study_18_EDC_Metrics.xlsx...
2026-01-28 20:45:17,588 - WARNING - Sheet 'Query Report - Cumulative' not found in /Users/mypro16/Desktop/Novaratis/Data for problem Statement 1/Standardized_Study_Files/Study_18_Input_Files/Study_18_EDC_Metrics.xlsx
2026-01-28 20:45:17,588 - INFO -   Parsing Study_18_Lab_Discrepancies.xlsx...
2026-01-28 20:45:17,588 - INFO -   Parsing Study_18_SAE_Dashboard.xlsx...
2026-01-28 20:45:17,589 - INFO -   Parsing Study_18_WHODrug.xlsx...
2026-01-28 20:45:17,589 - INFO -   Parsing Study_18_Missing_Pages.xlsx...
2026-01-28 20:45:17,589 - INFO -   Parsing Study_18_MedDRA.xlsx...
2026-01-28 20:45:17,590 - INFO - Starting ingestion for Study 19
2026-01-28 20:45:17,590 - INFO -   Parsing Study_19_SAE_Dashboard.xlsx...
2026-01-28 20:45:17,590 - INFO -   Parsing Study_19_Missing_Pages.xlsx...
2026-01-28 20:45:17,591 - INFO -   Parsing Study_19_MedDRA.xlsx...
2026-01-28 20:45:17,591 - INFO -   Parsing Study_19_EDRR.xlsx...
2026-01-28 20:45:17,592 - INFO -   Parsing Study_19_Inactivated_Records.xlsx...
2026-01-28 20:45:17,592 - INFO -   Parsing Study_19_EDC_Metrics.xlsx...
2026-01-28 20:45:17,593 - WARNING - Sheet 'Query Report - Cumulative' not found in /Users/mypro16/Desktop/Novaratis/Data for problem Statement 1/Standardized_Study_Files/Study_19_Input_Files/Study_19_EDC_Metrics.xlsx
2026-01-28 20:45:17,593 - INFO -   Parsing Study_19_Visit_Projection.xlsx...
2026-01-28 20:45:17,593 - INFO -   Parsing Study_19_Lab_Discrepancies.xlsx...
2026-01-28 20:45:17,594 - INFO -   Parsing Study_19_WHODrug.xlsx...
2026-01-28 20:45:17,594 - INFO - Starting ingestion for Study 1
2026-01-28 20:45:17,594 - INFO -   Parsing Study_1_Missing_Pages.xlsx...
2026-01-28 20:45:17,595 - INFO -   Parsing Study_1_EDRR.xlsx...
2026-01-28 20:45:17,596 - INFO -   Parsing Study_1_SAE_Dashboard.xlsx...
2026-01-28 20:45:17,596 - INFO -   Parsing Study_1_EDC_Metrics.xlsx...
2026-01-28 20:45:17,597 - WARNING - Sheet 'Query Report - Cumulative' not found in /Users/mypro16/Desktop/Novaratis/Data for problem Statement 1/Standardized_Study_Files/Study_1_Input_Files/Study_1_EDC_Metrics.xlsx
2026-01-28 20:45:17,597 - INFO -   Parsing Study_1_Inactivated_Records.xlsx...
2026-01-28 20:45:17,597 - INFO -   Parsing Study_1_MedDRA.xlsx...
2026-01-28 20:45:17,598 - INFO -   Parsing Study_1_Lab_Discrepancies.xlsx...
2026-01-28 20:45:17,598 - INFO -   Parsing Study_1_WHODrug.xlsx...
2026-01-28 20:45:17,598 - INFO -   Parsing Study_1_Visit_Projection.xlsx...
2026-01-28 20:45:17,599 - INFO - Starting ingestion for Study 20
2026-01-28 20:45:17,599 - INFO -   Parsing Study_20_EDRR.xlsx...
2026-01-28 20:45:17,599 - INFO -   Parsing Study_20_EDC_Metrics.xlsx...
2026-01-28 20:45:17,600 - WARNING - Sheet 'Query Report - Cumulative' not found in /Users/mypro16/Desktop/Novaratis/Data for problem Statement 1/Standardized_Study_Files/Study_20_Input_Files/Study_20_EDC_Metrics.xlsx
2026-01-28 20:45:17,600 - INFO -   Parsing Study_20_Visit_Projection.xlsx...
2026-01-28 20:45:17,601 - INFO -   Parsing Study_20_WHODrug.xlsx...
2026-01-28 20:45:17,601 - INFO -   Parsing Study_20_MedDRA.xlsx...
2026-01-28 20:45:17,601 - INFO -   Parsing Study_20_Missing_Pages.xlsx...
2026-01-28 20:45:17,602 - INFO -   Parsing Study_20_SAE_Dashboard.xlsx...
2026-01-28 20:45:17,602 - INFO -   Parsing Study_20_Lab_Discrepancies.xlsx...
2026-01-28 20:45:17,603 - INFO -   Parsing Study_20_Inactivated_Records.xlsx...
2026-01-28 20:45:17,604 - INFO - Starting ingestion for Study 21
2026-01-28 20:45:17,604 - INFO -   Parsing Study_21_MedDRA.xlsx...
2026-01-28 20:45:17,605 - INFO -   Parsing Study_21_EDRR.xlsx...
2026-01-28 20:45:17,605 - INFO -   Parsing Study_21_WHODrug.xlsx...
2026-01-28 20:45:17,605 - INFO -   Parsing Study_21_Missing_Pages.xlsx...
2026-01-28 20:45:17,606 - INFO -   Parsing Study_21_EDC_Metrics.xlsx...
2026-01-28 20:45:17,606 - WARNING - Sheet 'Query Report - Cumulative' not found in /Users/mypro16/Desktop/Novaratis/Data for problem Statement 1/Standardized_Study_Files/Study_21_Input_Files/Study_21_EDC_Metrics.xlsx
2026-01-28 20:45:17,607 - INFO -   Parsing Study_21_SAE_Dashboard.xlsx...
2026-01-28 20:45:17,607 - INFO -   Parsing Study_21_Lab_Discrepancies.xlsx...
2026-01-28 20:45:17,608 - INFO -   Parsing Study_21_Inactivated_Records.xlsx...
2026-01-28 20:45:17,609 - INFO -   Parsing Study_21_Visit_Projection.xlsx...
2026-01-28 20:45:17,609 - INFO - Starting ingestion for Study 22
2026-01-28 20:45:17,609 - INFO -   Parsing Study_22_SAE_Dashboard.xlsx...
2026-01-28 20:45:17,610 - INFO -   Parsing Study_22_Visit_Projection.xlsx...
2026-01-28 20:45:17,611 - INFO -   Parsing Study_22_MedDRA.xlsx...
2026-01-28 20:45:17,612 - INFO -   Parsing Study_22_Missing_Pages.xlsx...
2026-01-28 20:45:17,612 - INFO -   Parsing Study_22_Inactivated_Records.xlsx...
2026-01-28 20:45:17,613 - INFO -   Parsing Study_22_EDRR.xlsx...
2026-01-28 20:45:17,613 - INFO -   Parsing Study_22_WHODrug.xlsx...
2026-01-28 20:45:17,614 - INFO -   Parsing Study_22_EDC_Metrics.xlsx...
2026-01-28 20:45:17,614 - WARNING - Sheet 'Query Report - Cumulative' not found in /Users/mypro16/Desktop/Novaratis/Data for problem Statement 1/Standardized_Study_Files/Study_22_Input_Files/Study_22_EDC_Metrics.xlsx
2026-01-28 20:45:17,614 - INFO -   Parsing Study_22_Lab_Discrepancies.xlsx...
2026-01-28 20:45:17,615 - INFO - Starting ingestion for Study 23
2026-01-28 20:45:17,615 - INFO -   Parsing Study_23_Inactivated_Records.xlsx...
2026-01-28 20:45:17,615 - INFO -   Parsing Study_23_Lab_Discrepancies.xlsx...
2026-01-28 20:45:17,616 - INFO -   Parsing Study_23_SAE_Dashboard.xlsx...
2026-01-28 20:45:17,616 - INFO -   Parsing Study_23_Missing_Pages.xlsx...
2026-01-28 20:45:17,617 - INFO -   Parsing Study_23_WHODrug.xlsx...
2026-01-28 20:45:17,617 - INFO -   Parsing Study_23_EDRR.xlsx...
2026-01-28 20:45:17,619 - INFO -   Parsing Study_23_Visit_Projection.xlsx...
2026-01-28 20:45:17,620 - INFO -   Parsing Study_23_MedDRA.xlsx...
2026-01-28 20:45:17,621 - INFO -   Parsing Study_23_EDC_Metrics.xlsx...
2026-01-28 20:45:17,623 - WARNING - Sheet 'Query Report - Cumulative' not found in /Users/mypro16/Desktop/Novaratis/Data for problem Statement 1/Standardized_Study_Files/Study_23_Input_Files/Study_23_EDC_Metrics.xlsx
2026-01-28 20:45:17,624 - INFO - Starting ingestion for Study 24
2026-01-28 20:45:17,625 - INFO -   Parsing Study_24_MedDRA.xlsx...
2026-01-28 20:45:17,626 - INFO -   Parsing Study_24_EDC_Metrics.xlsx...
2026-01-28 20:45:17,627 - WARNING - Sheet 'Query Report - Cumulative' not found in /Users/mypro16/Desktop/Novaratis/Data for problem Statement 1/Standardized_Study_Files/Study_24_Input_Files/Study_24_EDC_Metrics.xlsx
2026-01-28 20:45:17,627 - INFO -   Parsing Study_24_Missing_Pages.xlsx...
2026-01-28 20:45:17,631 - INFO -   Parsing Study_24_Visit_Projection.xlsx...
2026-01-28 20:45:17,632 - INFO -   Parsing Study_24_SAE_Dashboard.xlsx...
2026-01-28 20:45:17,633 - INFO -   Parsing Study_24_Lab_Discrepancies.xlsx...
2026-01-28 20:45:17,634 - INFO -   Parsing Study_24_EDRR.xlsx...
2026-01-28 20:45:17,635 - INFO -   Parsing Study_24_WHODrug.xlsx...
2026-01-28 20:45:17,636 - INFO -   Parsing Study_24_Inactivated_Records.xlsx...
2026-01-28 20:45:17,637 - INFO - Starting ingestion for Study 25
2026-01-28 20:45:17,637 - INFO -   Parsing Study_25_EDC_Metrics.xlsx...
2026-01-28 20:45:17,638 - WARNING - Sheet 'Query Report - Cumulative' not found in /Users/mypro16/Desktop/Novaratis/Data for problem Statement 1/Standardized_Study_Files/Study_25_Input_Files/Study_25_EDC_Metrics.xlsx
2026-01-28 20:45:17,639 - INFO -   Parsing Study_25_WHODrug.xlsx...
2026-01-28 20:45:17,640 - INFO -   Parsing Study_25_Visit_Projection.xlsx...
2026-01-28 20:45:17,641 - INFO -   Parsing Study_25_MedDRA.xlsx...
2026-01-28 20:45:17,641 - INFO -   Parsing Study_25_Missing_Pages.xlsx...
2026-01-28 20:45:17,642 - INFO -   Parsing Study_25_Inactivated_Records.xlsx...
2026-01-28 20:45:17,643 - INFO -   Parsing Study_25_SAE_Dashboard.xlsx...
2026-01-28 20:45:17,645 - INFO -   Parsing Study_25_Lab_Discrepancies.xlsx...
2026-01-28 20:45:17,646 - INFO -   Parsing Study_25_EDRR.xlsx...
2026-01-28 20:45:17,646 - INFO - Starting ingestion for Study 2
2026-01-28 20:45:17,647 - INFO -   Parsing Study_2_WHODrug.xlsx...
2026-01-28 20:45:17,648 - INFO -   Parsing Study_2_MedDRA.xlsx...
2026-01-28 20:45:17,649 - INFO -   Parsing Study_2_SAE_Dashboard.xlsx...
2026-01-28 20:45:17,649 - INFO -   Parsing Study_2_Missing_Pages.xlsx...
2026-01-28 20:45:17,650 - INFO -   Parsing Study_2_Visit_Projection.xlsx...
2026-01-28 20:45:17,650 - INFO -   Parsing Study_2_Lab_Discrepancies.xlsx...
2026-01-28 20:45:17,651 - INFO -   Parsing Study_2_EDC_Metrics.xlsx...
2026-01-28 20:45:17,652 - WARNING - Sheet 'Query Report - Cumulative' not found in /Users/mypro16/Desktop/Novaratis/Data for problem Statement 1/Standardized_Study_Files/Study_2_Input_Files/Study_2_EDC_Metrics.xlsx
2026-01-28 20:45:17,652 - INFO -   Parsing Study_2_EDRR.xlsx...
2026-01-28 20:45:17,652 - INFO -   Parsing Study_2_Inactivated_Records.xlsx...
2026-01-28 20:45:17,653 - INFO - Starting ingestion for Study 4
2026-01-28 20:45:17,653 - INFO -   Parsing Study_4_Inactivated_Records.xlsx...
2026-01-28 20:45:17,654 - INFO -   Parsing Study_4_Visit_Projection.xlsx...
2026-01-28 20:45:17,654 - INFO -   Parsing Study_4_WHODrug.xlsx...
2026-01-28 20:45:17,655 - INFO -   Parsing Study_4_Missing_Pages.xlsx...
2026-01-28 20:45:17,655 - INFO -   Parsing Study_4_SAE_Dashboard.xlsx...
2026-01-28 20:45:17,656 - INFO -   Parsing Study_4_EDC_Metrics.xlsx...
2026-01-28 20:45:17,657 - WARNING - Sheet 'Query Report - Cumulative' not found in /Users/mypro16/Desktop/Novaratis/Data for problem Statement 1/Standardized_Study_Files/Study_4_Input_Files/Study_4_EDC_Metrics.xlsx
2026-01-28 20:45:17,657 - INFO -   Parsing Study_4_MedDRA.xlsx...
2026-01-28 20:45:17,658 - INFO -   Parsing Study_4_Lab_Discrepancies.xlsx...
2026-01-28 20:45:17,659 - INFO -   Parsing Study_4_EDRR.xlsx...
2026-01-28 20:45:17,659 - INFO - Starting ingestion for Study 5
2026-01-28 20:45:17,660 - INFO -   Parsing Study_5_WHODrug.xlsx...
2026-01-28 20:45:17,660 - INFO -   Parsing Study_5_EDC_Metrics.xlsx...
2026-01-28 20:45:17,661 - WARNING - Sheet 'Query Report - Cumulative' not found in /Users/mypro16/Desktop/Novaratis/Data for problem Statement 1/Standardized_Study_Files/Study_5_Input_Files/Study_5_EDC_Metrics.xlsx
2026-01-28 20:45:17,661 - INFO -   Parsing Study_5_Inactivated_Records.xlsx...
2026-01-28 20:45:17,662 - INFO -   Parsing Study_5_Lab_Discrepancies.xlsx...
2026-01-28 20:45:17,663 - INFO -   Parsing Study_5_EDRR.xlsx...
2026-01-28 20:45:17,663 - INFO -   Parsing Study_5_Missing_Pages.xlsx...
2026-01-28 20:45:17,664 - INFO -   Parsing Study_5_Visit_Projection.xlsx...
2026-01-28 20:45:17,664 - INFO -   Parsing Study_5_SAE_Dashboard.xlsx...
2026-01-28 20:45:17,665 - INFO -   Parsing Study_5_MedDRA.xlsx...
2026-01-28 20:45:17,665 - INFO - Starting ingestion for Study 6
2026-01-28 20:45:17,665 - INFO -   Parsing Study_6_Visit_Projection.xlsx...
2026-01-28 20:45:17,666 - INFO -   Parsing Study_6_EDRR.xlsx...
2026-01-28 20:45:17,666 - INFO -   Parsing Study_6_SAE_Dashboard.xlsx...
2026-01-28 20:45:17,666 - INFO -   Parsing Study_6_Lab_Discrepancies.xlsx...
2026-01-28 20:45:17,667 - INFO -   Parsing Study_6_Missing_Pages.xlsx...
2026-01-28 20:45:17,667 - INFO -   Parsing Study_6_MedDRA.xlsx...
2026-01-28 20:45:17,667 - INFO -   Parsing Study_6_WHODrug.xlsx...
2026-01-28 20:45:17,668 - INFO -   Parsing Study_6_Inactivated_Records.xlsx...
2026-01-28 20:45:17,668 - INFO -   Parsing Study_6_EDC_Metrics.xlsx...
2026-01-28 20:45:17,669 - WARNING - Sheet 'Query Report - Cumulative' not found in /Users/mypro16/Desktop/Novaratis/Data for problem Statement 1/Standardized_Study_Files/Study_6_Input_Files/Study_6_EDC_Metrics.xlsx
2026-01-28 20:45:17,669 - INFO - Starting ingestion for Study 7
2026-01-28 20:45:17,669 - INFO -   Parsing Study_7_MedDRA.xlsx...
2026-01-28 20:45:17,669 - INFO -   Parsing Study_7_EDRR.xlsx...
2026-01-28 20:45:17,670 - INFO -   Parsing Study_7_SAE_Dashboard.xlsx...
2026-01-28 20:45:17,670 - INFO -   Parsing Study_7_Missing_Pages.xlsx...
2026-01-28 20:45:17,671 - INFO -   Parsing Study_7_Visit_Projection.xlsx...
2026-01-28 20:45:17,671 - INFO -   Parsing Study_7_Inactivated_Records.xlsx...
2026-01-28 20:45:17,671 - INFO -   Parsing Study_7_EDC_Metrics.xlsx...
2026-01-28 20:45:17,672 - WARNING - Sheet 'Query Report - Cumulative' not found in /Users/mypro16/Desktop/Novaratis/Data for problem Statement 1/Standardized_Study_Files/Study_7_Input_Files/Study_7_EDC_Metrics.xlsx
2026-01-28 20:45:17,672 - INFO -   Parsing Study_7_Lab_Discrepancies.xlsx...
2026-01-28 20:45:17,672 - INFO -   Parsing Study_7_WHODrug.xlsx...
2026-01-28 20:45:17,672 - INFO - Starting ingestion for Study 8
2026-01-28 20:45:17,673 - INFO -   Parsing Study_8_Inactivated_Records.xlsx...
2026-01-28 20:45:17,673 - INFO -   Parsing Study_8_MedDRA.xlsx...
2026-01-28 20:45:17,673 - INFO -   Parsing Study_8_WHODrug.xlsx...
2026-01-28 20:45:17,674 - INFO -   Parsing Study_8_Visit_Projection.xlsx...
2026-01-28 20:45:17,674 - INFO -   Parsing Study_8_EDC_Metrics.xlsx...
2026-01-28 20:45:17,675 - WARNING - Sheet 'Query Report - Cumulative' not found in /Users/mypro16/Desktop/Novaratis/Data for problem Statement 1/Standardized_Study_Files/Study_8_Input_Files/Study_8_EDC_Metrics.xlsx
2026-01-28 20:45:17,675 - INFO -   Parsing Study_8_Missing_Pages.xlsx...
2026-01-28 20:45:17,675 - INFO -   Parsing Study_8_SAE_Dashboard.xlsx...
2026-01-28 20:45:17,675 - INFO -   Parsing Study_8_Lab_Discrepancies.xlsx...
2026-01-28 20:45:17,676 - INFO -   Parsing Study_8_EDRR.xlsx...
2026-01-28 20:45:17,676 - INFO - Starting ingestion for Study 9
2026-01-28 20:45:17,676 - INFO -   Parsing Study_9_WHODrug.xlsx...
2026-01-28 20:45:17,676 - INFO -   Parsing Study_9_Missing_Pages.xlsx...
2026-01-28 20:45:17,677 - INFO -   Parsing Study_9_SAE_Dashboard.xlsx...
2026-01-28 20:45:17,678 - INFO -   Parsing Study_9_Inactivated_Records.xlsx...
2026-01-28 20:45:17,678 - INFO -   Parsing Study_9_Lab_Discrepancies.xlsx...
2026-01-28 20:45:17,679 - INFO -   Parsing Study_9_EDC_Metrics.xlsx...
2026-01-28 20:45:17,679 - WARNING - Sheet 'Query Report - Cumulative' not found in /Users/mypro16/Desktop/Novaratis/Data for problem Statement 1/Standardized_Study_Files/Study_9_Input_Files/Study_9_EDC_Metrics.xlsx
2026-01-28 20:45:17,679 - INFO -   Parsing Study_9_Visit_Projection.xlsx...
2026-01-28 20:45:17,680 - INFO -   Parsing Study_9_EDRR.xlsx...
2026-01-28 20:45:17,680 - INFO -   Parsing Study_9_MedDRA.xlsx...
2026-01-28 20:45:18,742 - INFO - Saved 23 rows to /Users/mypro16/Desktop/Novaratis/Data for problem Statement 1/Canonical_Data/study.parquet
2026-01-28 20:47:00,728 - INFO - Starting ingestion for Study 10
2026-01-28 20:47:00,728 - INFO -   Parsing Study_10_Inactivated_Records.xlsx...
2026-01-28 20:47:00,833 - INFO -   Parsing Study_10_MedDRA.xlsx...
2026-01-28 20:47:01,259 - INFO -   Parsing Study_10_EDC_Metrics.xlsx...
2026-01-28 20:47:01,389 - INFO -   Parsing Study_10_WHODrug.xlsx...
2026-01-28 20:47:01,709 - INFO -   Parsing Study_10_Visit_Projection.xlsx...
2026-01-28 20:47:01,714 - INFO -   Parsing Study_10_SAE_Dashboard.xlsx...
2026-01-28 20:47:01,719 - INFO -   Parsing Study_10_Missing_Pages.xlsx...
2026-01-28 20:47:01,743 - INFO -   Parsing Study_10_Lab_Discrepancies.xlsx...
2026-01-28 20:47:01,766 - INFO -   Parsing Study_10_EDRR.xlsx...
2026-01-28 20:47:01,770 - INFO - Starting ingestion for Study 11
2026-01-28 20:47:01,771 - INFO -   Parsing Study_11_EDC_Metrics.xlsx...
2026-01-28 20:47:01,819 - INFO -   Parsing Study_11_Inactivated_Records.xlsx...
2026-01-28 20:47:01,832 - INFO -   Parsing Study_11_WHODrug.xlsx...
2026-01-28 20:47:01,841 - INFO -   Parsing Study_11_SAE_Dashboard.xlsx...
2026-01-28 20:47:01,919 - INFO -   Parsing Study_11_Missing_Pages.xlsx...
2026-01-28 20:47:01,940 - INFO -   Parsing Study_11_EDRR.xlsx...
2026-01-28 20:47:01,944 - INFO -   Parsing Study_11_Lab_Discrepancies.xlsx...
2026-01-28 20:47:01,953 - INFO -   Parsing Study_11_Visit_Projection.xlsx...
2026-01-28 20:47:01,964 - INFO -   Parsing Study_11_MedDRA.xlsx...
2026-01-28 20:47:01,969 - INFO - Starting ingestion for Study 13
2026-01-28 20:47:01,969 - INFO -   Parsing Study_13_EDRR.xlsx...
2026-01-28 20:47:01,973 - INFO -   Parsing Study_13_MedDRA.xlsx...
2026-01-28 20:47:02,125 - INFO -   Parsing Study_13_WHODrug.xlsx...
2026-01-28 20:47:02,561 - INFO -   Parsing Study_13_EDC_Metrics.xlsx...
2026-01-28 20:47:02,617 - INFO -   Parsing Study_13_Missing_Pages.xlsx...
2026-01-28 20:47:02,655 - INFO -   Parsing Study_13_SAE_Dashboard.xlsx...
2026-01-28 20:47:02,687 - INFO -   Parsing Study_13_Inactivated_Records.xlsx...
2026-01-28 20:47:02,721 - INFO -   Parsing Study_13_Visit_Projection.xlsx...
2026-01-28 20:47:02,724 - INFO -   Parsing Study_13_Lab_Discrepancies.xlsx...
2026-01-28 20:47:02,735 - INFO - Starting ingestion for Study 14
2026-01-28 20:47:02,735 - INFO -   Parsing Study_14_Inactivated_Records.xlsx...
2026-01-28 20:47:02,740 - INFO -   Parsing Study_14_Visit_Projection.xlsx...
2026-01-28 20:47:02,743 - INFO -   Parsing Study_14_SAE_Dashboard.xlsx...
2026-01-28 20:47:02,748 - INFO -   Parsing Study_14_Missing_Pages.xlsx...
2026-01-28 20:47:02,759 - INFO -   Parsing Study_14_EDRR.xlsx...
2026-01-28 20:47:02,763 - INFO -   Parsing Study_14_EDC_Metrics.xlsx...
2026-01-28 20:47:02,777 - INFO -   Parsing Study_14_WHODrug.xlsx...
2026-01-28 20:47:02,785 - INFO -   Parsing Study_14_MedDRA.xlsx...
2026-01-28 20:47:02,798 - INFO -   Parsing Study_14_Lab_Discrepancies.xlsx...
2026-01-28 20:47:02,802 - INFO - Starting ingestion for Study 15
2026-01-28 20:47:02,802 - INFO -   Parsing Study_15_EDRR.xlsx...
2026-01-28 20:47:02,805 - INFO -   Parsing Study_15_EDC_Metrics.xlsx...
2026-01-28 20:47:02,832 - INFO -   Parsing Study_15_Inactivated_Records.xlsx...
2026-01-28 20:47:02,862 - INFO -   Parsing Study_15_MedDRA.xlsx...
2026-01-28 20:47:02,872 - INFO -   Parsing Study_15_Visit_Projection.xlsx...
2026-01-28 20:47:02,876 - INFO -   Parsing Study_15_Lab_Discrepancies.xlsx...
2026-01-28 20:47:02,880 - INFO -   Parsing Study_15_WHODrug.xlsx...
2026-01-28 20:47:02,885 - INFO -   Parsing Study_15_SAE_Dashboard.xlsx...
2026-01-28 20:47:02,890 - INFO -   Parsing Study_15_Missing_Pages.xlsx...
2026-01-28 20:47:02,984 - INFO - Starting ingestion for Study 16
2026-01-28 20:47:02,985 - INFO -   Parsing Study_16_MedDRA.xlsx...
2026-01-28 20:47:05,005 - INFO -   Parsing Study_16_Visit_Projection.xlsx...
2026-01-28 20:47:05,180 - INFO -   Parsing Study_16_WHODrug.xlsx...
2026-01-28 20:47:07,916 - INFO -   Parsing Study_16_Lab_Discrepancies.xlsx...
2026-01-28 20:47:08,088 - INFO -   Parsing Study_16_EDRR.xlsx...
2026-01-28 20:47:08,102 - INFO -   Parsing Study_16_Inactivated_Records.xlsx...
2026-01-28 20:47:08,883 - INFO -   Parsing Study_16_EDC_Metrics.xlsx...
2026-01-28 20:47:09,333 - INFO -   Parsing Study_16_Missing_Pages.xlsx...
2026-01-28 20:47:09,362 - INFO - Starting ingestion for Study 17
2026-01-28 20:47:09,362 - INFO -   Parsing Study_17_Missing_Pages.xlsx...
2026-01-28 20:47:09,454 - INFO -   Parsing Study_17_SAE_Dashboard.xlsx...
2026-01-28 20:47:09,473 - INFO -   Parsing Study_17_WHODrug.xlsx...
2026-01-28 20:47:09,878 - INFO -   Parsing Study_17_EDRR.xlsx...
2026-01-28 20:47:09,882 - INFO -   Parsing Study_17_EDC_Metrics.xlsx...
2026-01-28 20:47:10,048 - INFO -   Parsing Study_17_MedDRA.xlsx...
2026-01-28 20:47:10,413 - INFO -   Parsing Study_17_Inactivated_Records.xlsx...
2026-01-28 20:47:10,938 - INFO -   Parsing Study_17_Visit_Projection.xlsx...
2026-01-28 20:47:10,947 - INFO -   Parsing Study_17_Lab_Discrepancies.xlsx...
2026-01-28 20:47:11,013 - INFO - Starting ingestion for Study 18
2026-01-28 20:47:11,013 - INFO -   Parsing Study_18_EDRR.xlsx...
2026-01-28 20:47:11,016 - INFO -   Parsing Study_18_Inactivated_Records.xlsx...
2026-01-28 20:47:11,021 - INFO -   Parsing Study_18_Visit_Projection.xlsx...
2026-01-28 20:47:11,025 - INFO -   Parsing Study_18_EDC_Metrics.xlsx...
2026-01-28 20:47:11,159 - INFO -   Parsing Study_18_Lab_Discrepancies.xlsx...
2026-01-28 20:47:11,203 - INFO -   Parsing Study_18_SAE_Dashboard.xlsx...
2026-01-28 20:47:11,208 - INFO -   Parsing Study_18_WHODrug.xlsx...
2026-01-28 20:47:11,272 - INFO -   Parsing Study_18_Missing_Pages.xlsx...
2026-01-28 20:47:11,280 - INFO -   Parsing Study_18_MedDRA.xlsx...
2026-01-28 20:47:11,600 - INFO - Starting ingestion for Study 19
2026-01-28 20:47:11,600 - INFO -   Parsing Study_19_SAE_Dashboard.xlsx...
2026-01-28 20:47:11,630 - INFO -   Parsing Study_19_Missing_Pages.xlsx...
2026-01-28 20:47:11,703 - INFO -   Parsing Study_19_MedDRA.xlsx...
2026-01-28 20:47:11,855 - INFO -   Parsing Study_19_EDRR.xlsx...
2026-01-28 20:47:11,858 - INFO -   Parsing Study_19_Inactivated_Records.xlsx...
2026-01-28 20:47:11,885 - INFO -   Parsing Study_19_EDC_Metrics.xlsx...
2026-01-28 20:47:12,057 - INFO -   Parsing Study_19_Visit_Projection.xlsx...
2026-01-28 20:47:12,070 - INFO -   Parsing Study_19_Lab_Discrepancies.xlsx...
2026-01-28 20:47:12,115 - INFO -   Parsing Study_19_WHODrug.xlsx...
2026-01-28 20:47:12,329 - INFO - Starting ingestion for Study 1
2026-01-28 20:47:12,329 - INFO -   Parsing Study_1_Missing_Pages.xlsx...
2026-01-28 20:47:12,388 - INFO -   Parsing Study_1_EDRR.xlsx...
2026-01-28 20:47:12,394 - INFO -   Parsing Study_1_SAE_Dashboard.xlsx...
2026-01-28 20:47:12,439 - INFO -   Parsing Study_1_EDC_Metrics.xlsx...
2026-01-28 20:47:12,818 - INFO -   Parsing Study_1_Inactivated_Records.xlsx...
2026-01-28 20:47:15,932 - INFO -   Parsing Study_1_MedDRA.xlsx...
2026-01-28 20:47:16,718 - INFO -   Parsing Study_1_Lab_Discrepancies.xlsx...
2026-01-28 20:47:16,753 - INFO -   Parsing Study_1_WHODrug.xlsx...
2026-01-28 20:47:17,581 - INFO -   Parsing Study_1_Visit_Projection.xlsx...
2026-01-28 20:47:17,592 - INFO - Starting ingestion for Study 20
2026-01-28 20:47:17,592 - INFO -   Parsing Study_20_EDRR.xlsx...
2026-01-28 20:47:17,596 - INFO -   Parsing Study_20_EDC_Metrics.xlsx...
2026-01-28 20:47:17,644 - INFO -   Parsing Study_20_Visit_Projection.xlsx...
2026-01-28 20:47:17,647 - INFO -   Parsing Study_20_WHODrug.xlsx...
2026-01-28 20:47:17,688 - INFO -   Parsing Study_20_MedDRA.xlsx...
2026-01-28 20:47:17,750 - INFO -   Parsing Study_20_Missing_Pages.xlsx...
2026-01-28 20:47:17,780 - INFO -   Parsing Study_20_SAE_Dashboard.xlsx...
2026-01-28 20:47:17,811 - INFO -   Parsing Study_20_Lab_Discrepancies.xlsx...
2026-01-28 20:47:17,836 - INFO -   Parsing Study_20_Inactivated_Records.xlsx...
2026-01-28 20:47:17,848 - INFO - Starting ingestion for Study 21
2026-01-28 20:47:17,848 - INFO -   Parsing Study_21_MedDRA.xlsx...
2026-01-28 20:51:08,306 - INFO -   Parsing Study_21_EDRR.xlsx...
2026-01-28 20:51:08,316 - INFO -   Parsing Study_21_WHODrug.xlsx...
2026-01-28 20:53:17,774 - INFO -   Parsing Study_21_Missing_Pages.xlsx...
2026-01-28 20:53:17,903 - INFO -   Parsing Study_21_EDC_Metrics.xlsx...
2026-01-28 20:53:19,238 - INFO -     Processed 2000 queries...
2026-01-28 20:53:19,930 - INFO -   Parsing Study_21_SAE_Dashboard.xlsx...
2026-01-28 20:53:20,324 - INFO -   Parsing Study_21_Lab_Discrepancies.xlsx...
2026-01-28 20:53:20,364 - INFO -   Parsing Study_21_Inactivated_Records.xlsx...
2026-01-28 20:53:20,378 - INFO -   Parsing Study_21_Visit_Projection.xlsx...
2026-01-28 20:53:20,555 - INFO - Starting ingestion for Study 22
2026-01-28 20:53:20,556 - INFO -   Parsing Study_22_SAE_Dashboard.xlsx...
2026-01-28 20:53:20,672 - INFO -   Parsing Study_22_Visit_Projection.xlsx...
2026-01-28 20:53:20,978 - INFO -   Parsing Study_22_MedDRA.xlsx...
2026-01-28 20:53:21,058 - INFO -   Parsing Study_22_Missing_Pages.xlsx...
2026-01-28 20:53:22,154 - INFO -   Parsing Study_22_Inactivated_Records.xlsx...
2026-01-28 20:53:22,181 - INFO -   Parsing Study_22_EDRR.xlsx...
2026-01-28 20:53:22,199 - INFO -   Parsing Study_22_WHODrug.xlsx...
2026-01-28 20:53:22,362 - INFO -   Parsing Study_22_EDC_Metrics.xlsx...
2026-01-28 20:53:23,905 - INFO -     Processed 2000 queries...
2026-01-28 20:53:24,050 - INFO -   Parsing Study_22_Lab_Discrepancies.xlsx...
2026-01-28 20:53:24,090 - INFO - Starting ingestion for Study 23
2026-01-28 20:53:24,091 - INFO -   Parsing Study_23_Inactivated_Records.xlsx...
2026-01-28 20:53:24,759 - INFO -   Parsing Study_23_Lab_Discrepancies.xlsx...
2026-01-28 20:53:24,763 - INFO -   Parsing Study_23_SAE_Dashboard.xlsx...
2026-01-28 20:53:24,774 - INFO -   Parsing Study_23_Missing_Pages.xlsx...
2026-01-28 20:53:24,783 - INFO -   Parsing Study_23_WHODrug.xlsx...
2026-01-28 20:53:26,994 - INFO -   Parsing Study_23_EDRR.xlsx...
2026-01-28 20:53:27,006 - INFO -   Parsing Study_23_Visit_Projection.xlsx...
2026-01-28 20:53:27,010 - INFO -   Parsing Study_23_MedDRA.xlsx...
2026-01-28 20:53:30,338 - INFO -   Parsing Study_23_EDC_Metrics.xlsx...
2026-01-28 20:53:30,639 - INFO - Starting ingestion for Study 24
2026-01-28 20:53:30,640 - INFO -   Parsing Study_24_MedDRA.xlsx...
2026-01-28 20:53:32,438 - INFO -   Parsing Study_24_EDC_Metrics.xlsx...
2026-01-28 20:53:33,257 - INFO -     Processed 2000 queries...
2026-01-28 20:53:33,294 - INFO -   Parsing Study_24_Missing_Pages.xlsx...
2026-01-28 20:53:33,713 - INFO -   Parsing Study_24_Visit_Projection.xlsx...
2026-01-28 20:53:33,725 - INFO -   Parsing Study_24_SAE_Dashboard.xlsx...
2026-01-28 20:53:33,743 - INFO -   Parsing Study_24_Lab_Discrepancies.xlsx...
2026-01-28 20:53:37,781 - INFO -   Parsing Study_24_EDRR.xlsx...
2026-01-28 20:53:37,786 - INFO -   Parsing Study_24_WHODrug.xlsx...
2026-01-28 20:53:39,764 - INFO -   Parsing Study_24_Inactivated_Records.xlsx...
2026-01-28 20:53:39,778 - INFO - Starting ingestion for Study 25
2026-01-28 20:53:39,778 - INFO -   Parsing Study_25_EDC_Metrics.xlsx...
2026-01-28 20:53:39,836 - INFO -   Parsing Study_25_WHODrug.xlsx...
2026-01-28 20:53:47,099 - INFO -   Parsing Study_25_Visit_Projection.xlsx...
2026-01-28 20:53:47,104 - INFO -   Parsing Study_25_MedDRA.xlsx...
2026-01-28 20:53:51,612 - INFO -   Parsing Study_25_Missing_Pages.xlsx...
2026-01-28 20:53:51,615 - INFO -   Parsing Study_25_Inactivated_Records.xlsx...
2026-01-28 20:53:52,971 - INFO -   Parsing Study_25_SAE_Dashboard.xlsx...
2026-01-28 20:53:52,998 - INFO -   Parsing Study_25_Lab_Discrepancies.xlsx...
2026-01-28 20:53:53,002 - INFO -   Parsing Study_25_EDRR.xlsx...
2026-01-28 20:53:53,008 - INFO - Starting ingestion for Study 2
2026-01-28 20:53:53,008 - INFO -   Parsing Study_2_WHODrug.xlsx...
2026-01-28 20:53:54,147 - INFO -   Parsing Study_2_MedDRA.xlsx...
2026-01-28 20:53:54,153 - INFO -   Parsing Study_2_SAE_Dashboard.xlsx...
2026-01-28 20:53:54,167 - INFO -   Parsing Study_2_Missing_Pages.xlsx...
2026-01-28 20:53:54,183 - INFO -   Parsing Study_2_Visit_Projection.xlsx...
2026-01-28 20:53:54,188 - INFO -   Parsing Study_2_Lab_Discrepancies.xlsx...
2026-01-28 20:53:54,204 - INFO -   Parsing Study_2_EDC_Metrics.xlsx...
2026-01-28 20:53:54,245 - INFO -   Parsing Study_2_EDRR.xlsx...
2026-01-28 20:53:54,249 - INFO -   Parsing Study_2_Inactivated_Records.xlsx...
2026-01-28 20:53:54,556 - INFO - Starting ingestion for Study 4
2026-01-28 20:53:54,556 - INFO -   Parsing Study_4_Inactivated_Records.xlsx...
2026-01-28 20:53:54,583 - INFO -   Parsing Study_4_Visit_Projection.xlsx...
2026-01-28 20:53:55,485 - INFO -   Parsing Study_4_WHODrug.xlsx...
2026-01-28 20:54:09,195 - INFO -   Parsing Study_4_Missing_Pages.xlsx...
2026-01-28 20:54:09,205 - INFO -   Parsing Study_4_SAE_Dashboard.xlsx...
2026-01-28 20:54:09,948 - INFO -   Parsing Study_4_EDC_Metrics.xlsx...
2026-01-28 20:54:10,305 - INFO -   Parsing Study_4_MedDRA.xlsx...
2026-01-28 20:54:26,435 - INFO -   Parsing Study_4_Lab_Discrepancies.xlsx...
2026-01-28 20:54:26,440 - INFO -   Parsing Study_4_EDRR.xlsx...
2026-01-28 20:54:26,447 - INFO - Starting ingestion for Study 5
2026-01-28 20:54:26,448 - INFO -   Parsing Study_5_WHODrug.xlsx...
2026-01-28 20:54:27,006 - INFO -   Parsing Study_5_EDC_Metrics.xlsx...
2026-01-28 20:54:27,174 - INFO -   Parsing Study_5_Inactivated_Records.xlsx...
2026-01-28 20:54:29,962 - INFO -   Parsing Study_5_Lab_Discrepancies.xlsx...
2026-01-28 20:54:30,091 - INFO -   Parsing Study_5_EDRR.xlsx...
2026-01-28 20:54:30,096 - INFO -   Parsing Study_5_Missing_Pages.xlsx...
2026-01-28 20:54:30,556 - INFO -   Parsing Study_5_Visit_Projection.xlsx...
2026-01-28 20:54:30,571 - INFO -   Parsing Study_5_SAE_Dashboard.xlsx...
2026-01-28 20:54:30,577 - INFO -   Parsing Study_5_MedDRA.xlsx...
2026-01-28 20:54:31,604 - INFO - Starting ingestion for Study 6
2026-01-28 20:54:31,604 - INFO -   Parsing Study_6_Visit_Projection.xlsx...
2026-01-28 20:54:31,615 - INFO -   Parsing Study_6_EDRR.xlsx...
2026-01-28 20:54:31,618 - INFO -   Parsing Study_6_SAE_Dashboard.xlsx...
2026-01-28 20:54:31,650 - INFO -   Parsing Study_6_Lab_Discrepancies.xlsx...
2026-01-28 20:54:31,710 - INFO -   Parsing Study_6_Missing_Pages.xlsx...
2026-01-28 20:54:31,820 - INFO -   Parsing Study_6_MedDRA.xlsx...
2026-01-28 20:54:32,011 - INFO -   Parsing Study_6_WHODrug.xlsx...
2026-01-28 20:54:32,292 - INFO -   Parsing Study_6_Inactivated_Records.xlsx...
2026-01-28 20:54:32,635 - INFO -   Parsing Study_6_EDC_Metrics.xlsx...
2026-01-28 20:54:32,875 - INFO - Starting ingestion for Study 7
2026-01-28 20:54:32,875 - INFO -   Parsing Study_7_MedDRA.xlsx...
2026-01-28 20:54:33,024 - INFO -   Parsing Study_7_EDRR.xlsx...
2026-01-28 20:54:33,027 - INFO -   Parsing Study_7_SAE_Dashboard.xlsx...
2026-01-28 20:54:33,371 - INFO -   Parsing Study_7_Missing_Pages.xlsx...
2026-01-28 20:54:33,411 - INFO -   Parsing Study_7_Visit_Projection.xlsx...
2026-01-28 20:54:33,415 - INFO -   Parsing Study_7_Inactivated_Records.xlsx...
2026-01-28 20:54:33,420 - INFO -   Parsing Study_7_EDC_Metrics.xlsx...
2026-01-28 20:54:33,522 - INFO -   Parsing Study_7_Lab_Discrepancies.xlsx...
2026-01-28 20:54:33,697 - INFO -   Parsing Study_7_WHODrug.xlsx...
2026-01-28 20:54:33,909 - INFO - Starting ingestion for Study 8
2026-01-28 20:54:33,909 - INFO -   Parsing Study_8_Inactivated_Records.xlsx...
2026-01-28 20:54:34,013 - INFO -   Parsing Study_8_MedDRA.xlsx...
2026-01-28 20:54:37,955 - INFO -   Parsing Study_8_WHODrug.xlsx...
2026-01-28 20:54:40,609 - INFO -   Parsing Study_8_Visit_Projection.xlsx...
2026-01-28 20:54:40,624 - INFO -   Parsing Study_8_EDC_Metrics.xlsx...
2026-01-28 20:54:40,767 - INFO -   Parsing Study_8_Missing_Pages.xlsx...
2026-01-28 20:54:40,792 - INFO -   Parsing Study_8_SAE_Dashboard.xlsx...
2026-01-28 20:54:40,807 - INFO -   Parsing Study_8_Lab_Discrepancies.xlsx...
2026-01-28 20:54:40,819 - INFO -   Parsing Study_8_EDRR.xlsx...
2026-01-28 20:54:40,824 - INFO - Starting ingestion for Study 9
2026-01-28 20:54:40,824 - INFO -   Parsing Study_9_WHODrug.xlsx...
2026-01-28 20:54:40,992 - INFO -   Parsing Study_9_Missing_Pages.xlsx...
2026-01-28 20:54:41,006 - INFO -   Parsing Study_9_SAE_Dashboard.xlsx...
2026-01-28 20:54:41,010 - INFO -   Parsing Study_9_Inactivated_Records.xlsx...
2026-01-28 20:54:46,898 - INFO -   Parsing Study_9_Lab_Discrepancies.xlsx...
2026-01-28 20:54:46,912 - INFO -   Parsing Study_9_EDC_Metrics.xlsx...
2026-01-28 20:54:46,934 - INFO -   Parsing Study_9_Visit_Projection.xlsx...
2026-01-28 20:54:46,937 - INFO -   Parsing Study_9_EDRR.xlsx...
2026-01-28 20:54:46,941 - INFO -   Parsing Study_9_MedDRA.xlsx...
2026-01-28 20:54:50,477 - INFO - Saved 23 rows to /Users/mypro16/Desktop/Novaratis/Data for problem Statement 1/Canonical_Data/study.parquet
2026-01-28 20:54:50,490 - INFO - Saved 1893 rows to /Users/mypro16/Desktop/Novaratis/Data for problem Statement 1/Canonical_Data/site.parquet
2026-01-28 20:54:50,536 - INFO - Saved 7138 rows to /Users/mypro16/Desktop/Novaratis/Data for problem Statement 1/Canonical_Data/subject.parquet
2026-01-28 20:54:50,541 - INFO - Saved 887 rows to /Users/mypro16/Desktop/Novaratis/Data for problem Statement 1/Canonical_Data/visit.parquet
2026-01-28 20:54:50,547 - INFO - Saved 1431 rows to /Users/mypro16/Desktop/Novaratis/Data for problem Statement 1/Canonical_Data/form.parquet
2026-01-28 20:54:50,576 - INFO - Saved 5879 rows to /Users/mypro16/Desktop/Novaratis/Data for problem Statement 1/Canonical_Data/query.parquet
2026-01-28 20:54:50,643 - INFO - Saved 20413 rows to /Users/mypro16/Desktop/Novaratis/Data for problem Statement 1/Canonical_Data/lab.parquet
2026-01-28 20:54:50,701 - INFO - Saved 20280 rows to /Users/mypro16/Desktop/Novaratis/Data for problem Statement 1/Canonical_Data/safety.parquet
2026-01-28 20:54:50,863 - INFO - Saved 43947 rows to /Users/mypro16/Desktop/Novaratis/Data for problem Statement 1/Canonical_Data/inactivation.parquet
